{"/Users/arturo/Documents/Github/simple-react-boilerplate/src/containers/App/index.js": {"path":"/Users/arturo/Documents/Github/simple-react-boilerplate/src/containers/App/index.js","statementMap":{"0":{"start":{"line":6,"column":12},"end":{"line":10,"column":1}},"1":{"start":{"line":7,"column":2},"end":{"line":9,"column":11}}},"fnMap":{"0":{"name":"(anonymous_0)","decl":{"start":{"line":6,"column":12},"end":{"line":6,"column":13}},"loc":{"start":{"line":7,"column":2},"end":{"line":9,"column":11}},"line":7}},"branchMap":{},"s":{"0":1,"1":1},"f":{"0":1},"b":{},"_coverageSchema":"43e27e138ebf9cfc5966b082cf9a028302ed4184","hash":"842ac9bdc0dd0b18ff0a7849d85e241de881922e"}
,"/Users/arturo/Documents/Github/simple-react-boilerplate/src/containers/Home/index.js": {"path":"/Users/arturo/Documents/Github/simple-react-boilerplate/src/containers/Home/index.js","statementMap":{"0":{"start":{"line":3,"column":13},"end":{"line":3,"column":35}},"1":{"start":{"line":3,"column":19},"end":{"line":3,"column":35}}},"fnMap":{"0":{"name":"(anonymous_0)","decl":{"start":{"line":3,"column":13},"end":{"line":3,"column":14}},"loc":{"start":{"line":3,"column":19},"end":{"line":3,"column":35}},"line":3}},"branchMap":{},"s":{"0":1,"1":0},"f":{"0":0},"b":{},"_coverageSchema":"43e27e138ebf9cfc5966b082cf9a028302ed4184","hash":"f4c23acc4da24ca0b1dc9ef3c1ce8f120d2fd152"}
,"/Users/arturo/Documents/Github/simple-react-boilerplate/src/utils/Portal/index.js": {"path":"/Users/arturo/Documents/Github/simple-react-boilerplate/src/utils/Portal/index.js","statementMap":{"0":{"start":{"line":7,"column":26},"end":{"line":8,"column":76}},"1":{"start":{"line":8,"column":2},"end":{"line":8,"column":76}},"2":{"start":{"line":10,"column":15},"end":{"line":14,"column":1}},"3":{"start":{"line":11,"column":2},"end":{"line":13,"column":15}},"4":{"start":{"line":16,"column":0},"end":{"line":22,"column":2}},"5":{"start":{"line":24,"column":0},"end":{"line":30,"column":2}}},"fnMap":{"0":{"name":"(anonymous_0)","decl":{"start":{"line":7,"column":26},"end":{"line":7,"column":27}},"loc":{"start":{"line":8,"column":2},"end":{"line":8,"column":76}},"line":8},"1":{"name":"(anonymous_1)","decl":{"start":{"line":10,"column":15},"end":{"line":10,"column":16}},"loc":{"start":{"line":11,"column":2},"end":{"line":13,"column":15}},"line":11}},"branchMap":{"0":{"loc":{"start":{"line":8,"column":34},"end":{"line":8,"column":75}},"type":"binary-expr","locations":[{"start":{"line":8,"column":34},"end":{"line":8,"column":38}},{"start":{"line":8,"column":42},"end":{"line":8,"column":75}}],"line":8}},"s":{"0":1,"1":2,"2":1,"3":1,"4":1,"5":1},"f":{"0":2,"1":1},"b":{"0":[2,1]},"_coverageSchema":"43e27e138ebf9cfc5966b082cf9a028302ed4184","hash":"fb958ce20f9ca87d7358c5322d43fa229e0555a1"}
}
