TN:
SF:/Users/arturo/Documents/Github/simple-react-boilerplate/src/containers/App/index.js
FN:6,(anonymous_0)
FNF:1
FNH:1
FNDA:1,(anonymous_0)
DA:6,1
DA:7,1
LF:2
LH:2
BRF:0
BRH:0
end_of_record
TN:
SF:/Users/arturo/Documents/Github/simple-react-boilerplate/src/containers/Home/index.js
FN:3,(anonymous_0)
FNF:1
FNH:0
FNDA:0,(anonymous_0)
DA:3,1
LF:1
LH:1
BRF:0
BRH:0
end_of_record
TN:
SF:/Users/arturo/Documents/Github/simple-react-boilerplate/src/utils/Portal/index.js
FN:7,(anonymous_0)
FN:10,(anonymous_1)
FNF:2
FNH:2
FNDA:2,(anonymous_0)
FNDA:1,(anonymous_1)
DA:7,1
DA:8,2
DA:10,1
DA:11,1
DA:16,1
DA:24,1
LF:6
LH:6
BRDA:8,0,0,2
BRDA:8,0,1,1
BRF:2
BRH:2
end_of_record
